FirebaseDataLoader/app/build/intermediates/manifest_merge_blame_file/debug/manifest-merger-blame-debug-report.txt
1<?xml version="1.0" encoding="utf-8"?>
2<manifest xmlns:android="http://schemas.android.com/apk/res/android"
3    package="com.jstechnologies.firebasedataloader"
4    android:versionCode="1"
5    android:versionName="1.0" >
6
7    <uses-sdk
8        android:minSdkVersion="16"
8-->src\main\AndroidManifest.xml
9        android:targetSdkVersion="29" />
9-->src\main\AndroidManifest.xml
10
11    <uses-permission android:name="android.permission.ACCESS_NETWORK_STATE" />
11-->[com.google.firebase:firebase-database:16.0.4] AndroidManifest.xml:22:5-79
11-->[com.google.firebase:firebase-database:16.0.4] AndroidManifest.xml:22:22-76
12    <uses-permission android:name="android.permission.INTERNET" />
12-->[com.google.firebase:firebase-database:16.0.4] AndroidManifest.xml:23:5-67
12-->[com.google.firebase:firebase-database:16.0.4] AndroidManifest.xml:23:22-64
13
14    <application
14-->src\main\AndroidManifest.xml:5:5-13:19
15        android:allowBackup="true"
15-->src\main\AndroidManifest.xml:6:9-35
16        android:appComponentFactory="androidx.core.app.CoreComponentFactory"
16-->[androidx.core:core:1.1.0] AndroidManifest.xml:24:18-86
17        android:debuggable="true"
18        android:icon="@mipmap/ic_launcher"
18-->src\main\AndroidManifest.xml:7:9-43
19        android:label="@string/app_name"
19-->src\main\AndroidManifest.xml:8:9-41
20        android:roundIcon="@mipmap/ic_launcher_round"
20-->src\main\AndroidManifest.xml:9:9-54
21        android:supportsRtl="true"
21-->src\main\AndroidManifest.xml:10:9-35
22        android:theme="@style/AppTheme" >
22-->src\main\AndroidManifest.xml:11:9-40
23        <activity android:name="com.jstechnologies.firebasedataloader.MainActivity" />
23-->src\main\AndroidManifest.xml:12:9-59
23-->src\main\AndroidManifest.xml:12:19-47
24        <activity
24-->[com.google.android.gms:play-services-base:16.0.1] AndroidManifest.xml:23:9-26:75
25            android:name="com.google.android.gms.common.api.GoogleApiActivity"
25-->[com.google.android.gms:play-services-base:16.0.1] AndroidManifest.xml:24:13-79
26            android:exported="false"
26-->[com.google.android.gms:play-services-base:16.0.1] AndroidManifest.xml:25:13-37
27            android:theme="@android:style/Theme.Translucent.NoTitleBar" />
27-->[com.google.android.gms:play-services-base:16.0.1] AndroidManifest.xml:26:13-72
28
29        <provider
29-->[com.google.firebase:firebase-common:16.0.3] AndroidManifest.xml:10:9-14:39
30            android:name="com.google.firebase.provider.FirebaseInitProvider"
30-->[com.google.firebase:firebase-common:16.0.3] AndroidManifest.xml:11:13-77
31            android:authorities="com.jstechnologies.firebasedataloader.firebaseinitprovider"
31-->[com.google.firebase:firebase-common:16.0.3] AndroidManifest.xml:12:13-72
32            android:exported="false"
32-->[com.google.firebase:firebase-common:16.0.3] AndroidManifest.xml:13:13-37
33            android:initOrder="100" />
33-->[com.google.firebase:firebase-common:16.0.3] AndroidManifest.xml:14:13-36
34
35        <meta-data
35-->[com.google.android.gms:play-services-basement:16.0.1] AndroidManifest.xml:23:9-25:69
36            android:name="com.google.android.gms.version"
36-->[com.google.android.gms:play-services-basement:16.0.1] AndroidManifest.xml:24:13-58
37            android:value="@integer/google_play_services_version" />
37-->[com.google.android.gms:play-services-basement:16.0.1] AndroidManifest.xml:25:13-66
38    </application>
39
40</manifest>